<?xml version="1.0" encoding="UTF-8"?>
<!-- Generated by org.testng.reporters.JUnitReportReporter -->
<testsuite hostname="DESKTOP-EB9UJ5O" failures="0" tests="2" name="com.dynm.ejercicio.ml.OfertasRelampagoPrice" time="8.015" errors="0" timestamp="2020-08-18T05:59:01 ART" skipped="0">
  <testcase classname="com.dynm.ejercicio.ml.OfertasRelampagoPrice" name="a_NavigateToUrl" time="4.880"/>
  <system-out/>
  <testcase classname="com.dynm.ejercicio.ml.OfertasRelampagoPrice" name="b_CompararPrecio" time="3.135"/>
  <system-out/>
</testsuite> <!-- com.dynm.ejercicio.ml.OfertasRelampagoPrice -->
