<?xml version="1.0" encoding="UTF-8"?>
<!-- Generated by org.testng.reporters.JUnitReportReporter -->
<testsuite hostname="DESKTOP-EB9UJ5O" failures="0" tests="2" name="com.dynm.ejercicio.ml.ValidarResultadosBusqueda" time="3.661" errors="0" timestamp="2020-08-18T05:59:01 ART" skipped="0">
  <testcase classname="com.dynm.ejercicio.ml.ValidarResultadosBusqueda" name="b_SearchML" time="2.170"/>
  <system-out/>
  <testcase classname="com.dynm.ejercicio.ml.ValidarResultadosBusqueda" name="a_NavigateToUrl" time="1.491"/>
  <system-out/>
</testsuite> <!-- com.dynm.ejercicio.ml.ValidarResultadosBusqueda -->
